[Mon, 13 Feb 2017 20:53:23 +0100] CPU usage: 16%MB
[Mon, 13 Feb 2017 20:53:23 +0100] Memoria fisica disponible: 5129MB
[Mon, 13 Feb 2017 20:53:23 +0100] Memoria fisica en uso: 2937MB
[Mon, 13 Feb 2017 20:53:23 +0100] Cantidad total de memoria fisica: 8066MB
[Mon, 13 Feb 2017 20:53:23 +0100] Memoria virtual disponible: 11847MB
[Mon, 13 Feb 2017 20:53:23 +0100] Memoria virtual en uso: 4283MB
[Mon, 13 Feb 2017 20:53:23 +0100] Memoria virtual tamaño maximo: 16130MB
[Mon, 13 Feb 2017 20:56:20 +0100] Memoria fisica disponible: 5170MB
[Mon, 13 Feb 2017 20:56:20 +0100] Memoria fisica en uso: 2896MB
[Mon, 13 Feb 2017 20:56:20 +0100] Cantidad total de memoria fisica: 8066MB
[Mon, 13 Feb 2017 20:56:20 +0100] Memoria virtual disponible: 11831MB
[Mon, 13 Feb 2017 20:56:20 +0100] Memoria virtual en uso: 4299MB
[Mon, 13 Feb 2017 20:56:20 +0100] Memoria virtual tamaño maximo: 16130MB
[Mon, 13 Feb 2017 20:56:51 +0100] CPU usage: 8%
[Mon, 13 Feb 2017 20:56:51 +0100] Memoria fisica disponible: 5161MB
[Mon, 13 Feb 2017 20:56:51 +0100] Memoria fisica en uso: 2905MB
[Mon, 13 Feb 2017 20:56:51 +0100] Cantidad total de memoria fisica: 8066MB
[Mon, 13 Feb 2017 20:56:51 +0100] Memoria virtual disponible: 11826MB
[Mon, 13 Feb 2017 20:56:51 +0100] Memoria virtual en uso: 4304MB
[Mon, 13 Feb 2017 20:56:51 +0100] Memoria virtual tamaño maximo: 16130MB
[Mon, 13 Feb 2017 21:09:45 +0100] CPU usage: 18%
[Mon, 13 Feb 2017 21:09:45 +0100] Memoria fisica disponible: 5075MB
[Mon, 13 Feb 2017 21:09:45 +0100] Memoria fisica en uso: 2991MB
[Mon, 13 Feb 2017 21:09:45 +0100] Cantidad total de memoria fisica: 8066MB
[Mon, 13 Feb 2017 21:09:45 +0100] Memoria virtual disponible: 11602MB
[Mon, 13 Feb 2017 21:09:45 +0100] Memoria virtual en uso: 4528MB
[Mon, 13 Feb 2017 21:09:45 +0100] Memoria virtual tamaño maximo: 16130MB
[Mon, 13 Feb 2017 21:09:56 +0100] CPU usage: 8%
[Mon, 13 Feb 2017 21:09:56 +0100] Memoria fisica disponible: 5076MB
[Mon, 13 Feb 2017 21:09:56 +0100] Memoria fisica en uso: 2990MB
[Mon, 13 Feb 2017 21:09:56 +0100] Cantidad total de memoria fisica: 8066MB
[Mon, 13 Feb 2017 21:09:56 +0100] Memoria virtual disponible: 11597MB
[Mon, 13 Feb 2017 21:09:56 +0100] Memoria virtual en uso: 4533MB
[Mon, 13 Feb 2017 21:09:56 +0100] Memoria virtual tamaño maximo: 16130MB
[Mon, 13 Feb 2017 21:34:54 +0100] CPU usage: 6%
[Mon, 13 Feb 2017 21:34:54 +0100] Memoria fisica disponible: 5075MB
[Mon, 13 Feb 2017 21:34:54 +0100] Memoria fisica en uso: 2991MB
[Mon, 13 Feb 2017 21:34:54 +0100] Cantidad total de memoria fisica: 8066MB
[Mon, 13 Feb 2017 21:34:54 +0100] Memoria virtual disponible: 11573MB
[Mon, 13 Feb 2017 21:34:54 +0100] Memoria virtual en uso: 4557MB
[Mon, 13 Feb 2017 21:34:54 +0100] Memoria virtual tamaño maximo: 16130MB
[Mon, 13 Feb 2017 21:35:45 +0100] CPU usage: 7%
[Mon, 13 Feb 2017 21:35:45 +0100] Memoria fisica disponible: 5061MB
[Mon, 13 Feb 2017 21:35:45 +0100] Memoria fisica en uso: 3005MB
[Mon, 13 Feb 2017 21:35:45 +0100] Cantidad total de memoria fisica: 8066MB
[Mon, 13 Feb 2017 21:35:45 +0100] Memoria virtual disponible: 11548MB
[Mon, 13 Feb 2017 21:35:45 +0100] Memoria virtual en uso: 4582MB
[Mon, 13 Feb 2017 21:35:45 +0100] Memoria virtual tamaño maximo: 16130MB
[Mon, 13 Feb 2017 21:36:25 +0100] CPU usage: 13%
[Mon, 13 Feb 2017 21:36:25 +0100] Memoria fisica disponible: 5059MB
[Mon, 13 Feb 2017 21:36:25 +0100] Memoria fisica en uso: 3007MB
[Mon, 13 Feb 2017 21:36:25 +0100] Cantidad total de memoria fisica: 8066MB
[Mon, 13 Feb 2017 21:36:25 +0100] Memoria virtual disponible: 11558MB
[Mon, 13 Feb 2017 21:36:25 +0100] Memoria virtual en uso: 4572MB
[Mon, 13 Feb 2017 21:36:25 +0100] Memoria virtual tamaño maximo: 16130MB
[Mon, 13 Feb 2017 21:37:20 +0100] CPU usage: 13%
[Mon, 13 Feb 2017 21:37:20 +0100] Memoria fisica disponible: 5074MB
[Mon, 13 Feb 2017 21:37:20 +0100] Memoria fisica en uso: 2992MB
[Mon, 13 Feb 2017 21:37:20 +0100] Cantidad total de memoria fisica: 8066MB
[Mon, 13 Feb 2017 21:37:20 +0100] Memoria virtual disponible: 11561MB
[Mon, 13 Feb 2017 21:37:20 +0100] Memoria virtual en uso: 4569MB
[Mon, 13 Feb 2017 21:37:20 +0100] Memoria virtual tamaño maximo: 16130MB
[Mon, 13 Feb 2017 21:40:00 +0100] CPU usage: 9%
[Mon, 13 Feb 2017 21:40:00 +0100] Memoria fisica disponible: 5120MB
[Mon, 13 Feb 2017 21:40:00 +0100] Memoria fisica en uso: 2946MB
[Mon, 13 Feb 2017 21:40:00 +0100] Cantidad total de memoria fisica: 8066MB
[Mon, 13 Feb 2017 21:40:00 +0100] Memoria virtual disponible: 11579MB
[Mon, 13 Feb 2017 21:40:00 +0100] Memoria virtual en uso: 4551MB
[Mon, 13 Feb 2017 21:40:00 +0100] Memoria virtual tamaño maximo: 16130MB
[Mon, 13 Feb 2017 21:41:06 +0100] CPU usage: 10%
[Mon, 13 Feb 2017 21:41:06 +0100] Memoria fisica disponible: 5098MB
[Mon, 13 Feb 2017 21:41:06 +0100] Memoria fisica en uso: 2968MB
[Mon, 13 Feb 2017 21:41:06 +0100] Cantidad total de memoria fisica: 8066MB
[Mon, 13 Feb 2017 21:41:06 +0100] Memoria virtual disponible: 11583MB
[Mon, 13 Feb 2017 21:41:06 +0100] Memoria virtual en uso: 4547MB
[Mon, 13 Feb 2017 21:41:06 +0100] Memoria virtual tamaño maximo: 16130MB
[Mon, 13 Feb 2017 21:41:52 +0100] CPU usage: 5%
[Mon, 13 Feb 2017 21:41:52 +0100] Memoria fisica disponible: 5118MB
[Mon, 13 Feb 2017 21:41:52 +0100] Memoria fisica en uso: 2948MB
[Mon, 13 Feb 2017 21:41:52 +0100] Cantidad total de memoria fisica: 8066MB
[Mon, 13 Feb 2017 21:41:52 +0100] Memoria virtual disponible: 11585MB
[Mon, 13 Feb 2017 21:41:52 +0100] Memoria virtual en uso: 4545MB
[Mon, 13 Feb 2017 21:41:52 +0100] Memoria virtual tamaño maximo: 16130MB
[Mon, 13 Feb 2017 21:42:35 +0100] CPU usage: 5%
[Mon, 13 Feb 2017 21:42:35 +0100] Memoria fisica disponible: 5104MB
[Mon, 13 Feb 2017 21:42:35 +0100] Memoria fisica en uso: 2962MB
[Mon, 13 Feb 2017 21:42:35 +0100] Cantidad total de memoria fisica: 8066MB
[Mon, 13 Feb 2017 21:42:35 +0100] Memoria virtual disponible: 11573MB
[Mon, 13 Feb 2017 21:42:35 +0100] Memoria virtual en uso: 4557MB
[Mon, 13 Feb 2017 21:42:35 +0100] Memoria virtual tamaño maximo: 16130MB
[Mon, 13 Feb 2017 21:42:57 +0100] CPU usage: 13%
[Mon, 13 Feb 2017 21:42:57 +0100] Memoria fisica disponible: 5107MB
[Mon, 13 Feb 2017 21:42:57 +0100] Memoria fisica en uso: 2959MB
[Mon, 13 Feb 2017 21:42:57 +0100] Cantidad total de memoria fisica: 8066MB
[Mon, 13 Feb 2017 21:42:57 +0100] Memoria virtual disponible: 11569MB
[Mon, 13 Feb 2017 21:42:57 +0100] Memoria virtual en uso: 4561MB
[Mon, 13 Feb 2017 21:42:57 +0100] Memoria virtual tamaño maximo: 16130MB
[Mon, 13 Feb 2017 21:46:54 +0100] CPU usage: 7%
[Mon, 13 Feb 2017 21:46:54 +0100] Memoria fisica disponible: 5088MB
[Mon, 13 Feb 2017 21:46:54 +0100] Memoria fisica en uso: 2978MB
[Mon, 13 Feb 2017 21:46:54 +0100] Cantidad total de memoria fisica: 8066MB
[Mon, 13 Feb 2017 21:46:54 +0100] Memoria virtual disponible: 11577MB
[Mon, 13 Feb 2017 21:46:54 +0100] Memoria virtual en uso: 4553MB
[Mon, 13 Feb 2017 21:46:54 +0100] Memoria virtual tamaño maximo: 16130MB
[Mon, 13 Feb 2017 21:48:28 +0100] CPU usage: 4%
[Mon, 13 Feb 2017 21:48:28 +0100] Memoria fisica disponible: 5072MB
[Mon, 13 Feb 2017 21:48:28 +0100] Memoria fisica en uso: 2994MB
[Mon, 13 Feb 2017 21:48:28 +0100] Cantidad total de memoria fisica: 8066MB
[Mon, 13 Feb 2017 21:48:28 +0100] Memoria virtual disponible: 11558MB
[Mon, 13 Feb 2017 21:48:28 +0100] Memoria virtual en uso: 4572MB
[Mon, 13 Feb 2017 21:48:28 +0100] Memoria virtual tamaño maximo: 16130MB
[Mon, 13 Feb 2017 21:49:06 +0100] CPU usage: 8%
[Mon, 13 Feb 2017 21:49:06 +0100] Memoria fisica disponible: 5098MB
[Mon, 13 Feb 2017 21:49:06 +0100] Memoria fisica en uso: 2968MB
[Mon, 13 Feb 2017 21:49:06 +0100] Cantidad total de memoria fisica: 8066MB
[Mon, 13 Feb 2017 21:49:06 +0100] Memoria virtual disponible: 11565MB
[Mon, 13 Feb 2017 21:49:06 +0100] Memoria virtual en uso: 4565MB
[Mon, 13 Feb 2017 21:49:06 +0100] Memoria virtual tamaño maximo: 16130MB
[Mon, 13 Feb 2017 21:50:41 +0100] CPU usage: 10%
[Mon, 13 Feb 2017 21:50:41 +0100] Memoria fisica disponible: 4962MB
[Mon, 13 Feb 2017 21:50:41 +0100] Memoria fisica en uso: 3104MB
[Mon, 13 Feb 2017 21:50:41 +0100] Cantidad total de memoria fisica: 8066MB
[Mon, 13 Feb 2017 21:50:41 +0100] Memoria virtual disponible: 11474MB
[Mon, 13 Feb 2017 21:50:41 +0100] Memoria virtual en uso: 4656MB
[Mon, 13 Feb 2017 21:50:41 +0100] Memoria virtual tamaño maximo: 16130MB
[Mon, 13 Feb 2017 21:51:28 +0100] CPU usage: 18%
[Mon, 13 Feb 2017 21:51:28 +0100] Memoria fisica disponible: 5010MB
[Mon, 13 Feb 2017 21:51:28 +0100] Memoria fisica en uso: 3056MB
[Mon, 13 Feb 2017 21:51:28 +0100] Cantidad total de memoria fisica: 8066MB
[Mon, 13 Feb 2017 21:51:28 +0100] Memoria virtual disponible: 11484MB
[Mon, 13 Feb 2017 21:51:28 +0100] Memoria virtual en uso: 4646MB
[Mon, 13 Feb 2017 21:51:28 +0100] Memoria virtual tamaño maximo: 16130MB
[Mon, 13 Feb 2017 21:58:32 +0100] CPU usage: 23%
[Mon, 13 Feb 2017 21:58:32 +0100] Memoria fisica disponible: 5045MB
[Mon, 13 Feb 2017 21:58:32 +0100] Memoria fisica en uso: 3021MB
[Mon, 13 Feb 2017 21:58:32 +0100] Cantidad total de memoria fisica: 8066MB
[Mon, 13 Feb 2017 21:58:32 +0100] Memoria virtual disponible: 11562MB
[Mon, 13 Feb 2017 21:58:32 +0100] Memoria virtual en uso: 4568MB
[Mon, 13 Feb 2017 21:58:32 +0100] Memoria virtual tamaño maximo: 16130MB
[Mon, 13 Feb 2017 21:59:45 +0100] CPU usage: 8%
[Mon, 13 Feb 2017 21:59:45 +0100] Memoria fisica disponible: 5098MB
[Mon, 13 Feb 2017 21:59:45 +0100] Memoria fisica en uso: 2968MB
[Mon, 13 Feb 2017 21:59:45 +0100] Cantidad total de memoria fisica: 8066MB
[Mon, 13 Feb 2017 21:59:45 +0100] Memoria virtual disponible: 11575MB
[Mon, 13 Feb 2017 21:59:45 +0100] Memoria virtual en uso: 4555MB
[Mon, 13 Feb 2017 21:59:45 +0100] Memoria virtual tamaño maximo: 16130MB
[Mon, 13 Feb 2017 22:01:35 +0100] CPU usage: 25%
[Mon, 13 Feb 2017 22:01:35 +0100] Memoria fisica disponible: 4871MB
[Mon, 13 Feb 2017 22:01:35 +0100] Memoria fisica en uso: 3195MB
[Mon, 13 Feb 2017 22:01:35 +0100] Cantidad total de memoria fisica: 8066MB
[Mon, 13 Feb 2017 22:01:35 +0100] Memoria virtual disponible: 11456MB
[Mon, 13 Feb 2017 22:01:35 +0100] Memoria virtual en uso: 4674MB
[Mon, 13 Feb 2017 22:01:35 +0100] Memoria virtual tamaño maximo: 16130MB
[Mon, 13 Feb 2017 22:02:08 +0100] CPU usage: 9%
[Mon, 13 Feb 2017 22:02:08 +0100] Memoria fisica disponible: 4918MB
[Mon, 13 Feb 2017 22:02:08 +0100] Memoria fisica en uso: 3148MB
[Mon, 13 Feb 2017 22:02:08 +0100] Cantidad total de memoria fisica: 8066MB
[Mon, 13 Feb 2017 22:02:08 +0100] Memoria virtual disponible: 11471MB
[Mon, 13 Feb 2017 22:02:08 +0100] Memoria virtual en uso: 4659MB
[Mon, 13 Feb 2017 22:02:08 +0100] Memoria virtual tamaño maximo: 16130MB
[Mon, 13 Feb 2017 22:02:16 +0100] CPU usage: 12%
[Mon, 13 Feb 2017 22:02:16 +0100] Memoria fisica disponible: 4930MB
[Mon, 13 Feb 2017 22:02:16 +0100] Memoria fisica en uso: 3136MB
[Mon, 13 Feb 2017 22:02:16 +0100] Cantidad total de memoria fisica: 8066MB
[Mon, 13 Feb 2017 22:02:16 +0100] Memoria virtual disponible: 11493MB
[Mon, 13 Feb 2017 22:02:16 +0100] Memoria virtual en uso: 4637MB
[Mon, 13 Feb 2017 22:02:16 +0100] Memoria virtual tamaño maximo: 16130MB
[Mon, 13 Feb 2017 22:02:24 +0100] CPU usage: 10%
[Mon, 13 Feb 2017 22:02:24 +0100] Memoria fisica disponible: 4937MB
[Mon, 13 Feb 2017 22:02:24 +0100] Memoria fisica en uso: 3129MB
[Mon, 13 Feb 2017 22:02:24 +0100] Cantidad total de memoria fisica: 8066MB
[Mon, 13 Feb 2017 22:02:24 +0100] Memoria virtual disponible: 11496MB
[Mon, 13 Feb 2017 22:02:24 +0100] Memoria virtual en uso: 4634MB
[Mon, 13 Feb 2017 22:02:24 +0100] Memoria virtual tamaño maximo: 16130MB
[Mon, 13 Feb 2017 22:02:45 +0100] CPU usage: 21%
[Mon, 13 Feb 2017 22:02:45 +0100] Memoria fisica disponible: 4987MB
[Mon, 13 Feb 2017 22:02:45 +0100] Memoria fisica en uso: 3079MB
[Mon, 13 Feb 2017 22:02:45 +0100] Cantidad total de memoria fisica: 8066MB
[Mon, 13 Feb 2017 22:02:45 +0100] Memoria virtual disponible: 11397MB
[Mon, 13 Feb 2017 22:02:45 +0100] Memoria virtual en uso: 4733MB
[Mon, 13 Feb 2017 22:02:45 +0100] Memoria virtual tamaño maximo: 16130MB
[Mon, 13 Feb 2017 22:02:57 +0100] CPU usage: 15%
[Mon, 13 Feb 2017 22:02:57 +0100] Memoria fisica disponible: 5029MB
[Mon, 13 Feb 2017 22:02:57 +0100] Memoria fisica en uso: 3037MB
[Mon, 13 Feb 2017 22:02:57 +0100] Cantidad total de memoria fisica: 8066MB
[Mon, 13 Feb 2017 22:02:57 +0100] Memoria virtual disponible: 11439MB
[Mon, 13 Feb 2017 22:02:57 +0100] Memoria virtual en uso: 4691MB
[Mon, 13 Feb 2017 22:02:57 +0100] Memoria virtual tamaño maximo: 16130MB
[Mon, 13 Feb 2017 22:03:07 +0100] CPU usage: 27%
[Mon, 13 Feb 2017 22:03:07 +0100] Memoria fisica disponible: 5033MB
[Mon, 13 Feb 2017 22:03:07 +0100] Memoria fisica en uso: 3033MB
[Mon, 13 Feb 2017 22:03:07 +0100] Cantidad total de memoria fisica: 8066MB
[Mon, 13 Feb 2017 22:03:07 +0100] Memoria virtual disponible: 11396MB
[Mon, 13 Feb 2017 22:03:07 +0100] Memoria virtual en uso: 4734MB
[Mon, 13 Feb 2017 22:03:07 +0100] Memoria virtual tamaño maximo: 16130MB
[Mon, 13 Feb 2017 22:03:24 +0100] CPU usage: 10%
[Mon, 13 Feb 2017 22:03:24 +0100] Memoria fisica disponible: 5201MB
[Mon, 13 Feb 2017 22:03:24 +0100] Memoria fisica en uso: 2865MB
[Mon, 13 Feb 2017 22:03:24 +0100] Cantidad total de memoria fisica: 8066MB
[Mon, 13 Feb 2017 22:03:24 +0100] Memoria virtual disponible: 11475MB
[Mon, 13 Feb 2017 22:03:24 +0100] Memoria virtual en uso: 4655MB
[Mon, 13 Feb 2017 22:03:24 +0100] Memoria virtual tamaño maximo: 16130MB
[Mon, 13 Feb 2017 22:03:40 +0100] CPU usage: 15%
[Mon, 13 Feb 2017 22:03:40 +0100] Memoria fisica disponible: 5225MB
[Mon, 13 Feb 2017 22:03:40 +0100] Memoria fisica en uso: 2841MB
[Mon, 13 Feb 2017 22:03:40 +0100] Cantidad total de memoria fisica: 8066MB
[Mon, 13 Feb 2017 22:03:40 +0100] Memoria virtual disponible: 11471MB
[Mon, 13 Feb 2017 22:03:40 +0100] Memoria virtual en uso: 4659MB
[Mon, 13 Feb 2017 22:03:40 +0100] Memoria virtual tamaño maximo: 16130MB
[Mon, 13 Feb 2017 22:03:52 +0100] CPU usage: 30%
[Mon, 13 Feb 2017 22:03:52 +0100] Memoria fisica disponible: 5257MB
[Mon, 13 Feb 2017 22:03:52 +0100] Memoria fisica en uso: 2809MB
[Mon, 13 Feb 2017 22:03:52 +0100] Cantidad total de memoria fisica: 8066MB
[Mon, 13 Feb 2017 22:03:52 +0100] Memoria virtual disponible: 11482MB
[Mon, 13 Feb 2017 22:03:52 +0100] Memoria virtual en uso: 4648MB
[Mon, 13 Feb 2017 22:03:52 +0100] Memoria virtual tamaño maximo: 16130MB
[Mon, 13 Feb 2017 22:04:03 +0100] CPU usage: 12%
[Mon, 13 Feb 2017 22:04:03 +0100] Memoria fisica disponible: 5294MB
[Mon, 13 Feb 2017 22:04:03 +0100] Memoria fisica en uso: 2772MB
[Mon, 13 Feb 2017 22:04:03 +0100] Cantidad total de memoria fisica: 8066MB
[Mon, 13 Feb 2017 22:04:03 +0100] Memoria virtual disponible: 11527MB
[Mon, 13 Feb 2017 22:04:03 +0100] Memoria virtual en uso: 4603MB
[Mon, 13 Feb 2017 22:04:03 +0100] Memoria virtual tamaño maximo: 16130MB
[Mon, 13 Feb 2017 22:04:23 +0100] CPU usage: 15%
[Mon, 13 Feb 2017 22:04:23 +0100] Memoria fisica disponible: 5315MB
[Mon, 13 Feb 2017 22:04:23 +0100] Memoria fisica en uso: 2751MB
[Mon, 13 Feb 2017 22:04:23 +0100] Cantidad total de memoria fisica: 8066MB
[Mon, 13 Feb 2017 22:04:23 +0100] Memoria virtual disponible: 11539MB
[Mon, 13 Feb 2017 22:04:23 +0100] Memoria virtual en uso: 4591MB
[Mon, 13 Feb 2017 22:04:23 +0100] Memoria virtual tamaño maximo: 16130MB
[Mon, 13 Feb 2017 22:04:31 +0100] CPU usage: 7%
[Mon, 13 Feb 2017 22:04:31 +0100] Memoria fisica disponible: 5392MB
[Mon, 13 Feb 2017 22:04:31 +0100] Memoria fisica en uso: 2674MB
[Mon, 13 Feb 2017 22:04:31 +0100] Cantidad total de memoria fisica: 8066MB
[Mon, 13 Feb 2017 22:04:31 +0100] Memoria virtual disponible: 11657MB
[Mon, 13 Feb 2017 22:04:31 +0100] Memoria virtual en uso: 4473MB
[Mon, 13 Feb 2017 22:04:31 +0100] Memoria virtual tamaño maximo: 16130MB
[Mon, 13 Feb 2017 22:04:40 +0100] CPU usage: 13%
[Mon, 13 Feb 2017 22:04:40 +0100] Memoria fisica disponible: 5391MB
[Mon, 13 Feb 2017 22:04:40 +0100] Memoria fisica en uso: 2675MB
[Mon, 13 Feb 2017 22:04:40 +0100] Cantidad total de memoria fisica: 8066MB
[Mon, 13 Feb 2017 22:04:40 +0100] Memoria virtual disponible: 11654MB
[Mon, 13 Feb 2017 22:04:40 +0100] Memoria virtual en uso: 4476MB
[Mon, 13 Feb 2017 22:04:40 +0100] Memoria virtual tamaño maximo: 16130MB
[Mon, 13 Feb 2017 22:05:45 +0100] CPU usage: 5%
[Mon, 13 Feb 2017 22:05:45 +0100] Memoria fisica disponible: 5233MB
[Mon, 13 Feb 2017 22:05:45 +0100] Memoria fisica en uso: 2833MB
[Mon, 13 Feb 2017 22:05:45 +0100] Cantidad total de memoria fisica: 8066MB
[Mon, 13 Feb 2017 22:05:45 +0100] Memoria virtual disponible: 11534MB
[Mon, 13 Feb 2017 22:05:45 +0100] Memoria virtual en uso: 4596MB
[Mon, 13 Feb 2017 22:05:45 +0100] Memoria virtual tamaño maximo: 16130MB
[Mon, 13 Feb 2017 22:05:55 +0100] CPU usage: 8%
[Mon, 13 Feb 2017 22:05:55 +0100] Memoria fisica disponible: 5242MB
[Mon, 13 Feb 2017 22:05:55 +0100] Memoria fisica en uso: 2824MB
[Mon, 13 Feb 2017 22:05:55 +0100] Cantidad total de memoria fisica: 8066MB
[Mon, 13 Feb 2017 22:05:55 +0100] Memoria virtual disponible: 11555MB
[Mon, 13 Feb 2017 22:05:55 +0100] Memoria virtual en uso: 4575MB
[Mon, 13 Feb 2017 22:05:55 +0100] Memoria virtual tamaño maximo: 16130MB
[Mon, 13 Feb 2017 22:06:29 +0100] CPU usage: 14%
[Mon, 13 Feb 2017 22:06:29 +0100] Memoria fisica disponible: 5174MB
[Mon, 13 Feb 2017 22:06:29 +0100] Memoria fisica en uso: 2892MB
[Mon, 13 Feb 2017 22:06:29 +0100] Cantidad total de memoria fisica: 8066MB
[Mon, 13 Feb 2017 22:06:29 +0100] Memoria virtual disponible: 11496MB
[Mon, 13 Feb 2017 22:06:29 +0100] Memoria virtual en uso: 4634MB
[Mon, 13 Feb 2017 22:06:29 +0100] Memoria virtual tamaño maximo: 16130MB
[Mon, 13 Feb 2017 22:07:48 +0100] CPU usage: 12%
[Mon, 13 Feb 2017 22:07:48 +0100] Memoria fisica disponible: 5375MB
[Mon, 13 Feb 2017 22:07:48 +0100] Memoria fisica en uso: 2691MB
[Mon, 13 Feb 2017 22:07:48 +0100] Cantidad total de memoria fisica: 8066MB
[Mon, 13 Feb 2017 22:07:48 +0100] Memoria virtual disponible: 11618MB
[Mon, 13 Feb 2017 22:07:48 +0100] Memoria virtual en uso: 4512MB
[Mon, 13 Feb 2017 22:07:48 +0100] Memoria virtual tamaño maximo: 16130MB
[Mon, 13 Feb 2017 22:08:06 +0100] CPU usage: 8%
[Mon, 13 Feb 2017 22:08:06 +0100] Memoria fisica disponible: 5382MB
[Mon, 13 Feb 2017 22:08:06 +0100] Memoria fisica en uso: 2684MB
[Mon, 13 Feb 2017 22:08:06 +0100] Cantidad total de memoria fisica: 8066MB
[Mon, 13 Feb 2017 22:08:06 +0100] Memoria virtual disponible: 11621MB
[Mon, 13 Feb 2017 22:08:06 +0100] Memoria virtual en uso: 4509MB
[Mon, 13 Feb 2017 22:08:06 +0100] Memoria virtual tamaño maximo: 16130MB
[Mon, 13 Feb 2017 22:08:27 +0100] CPU usage: 12%
[Mon, 13 Feb 2017 22:08:27 +0100] Memoria fisica disponible: 5420MB
[Mon, 13 Feb 2017 22:08:27 +0100] Memoria fisica en uso: 2646MB
[Mon, 13 Feb 2017 22:08:27 +0100] Cantidad total de memoria fisica: 8066MB
[Mon, 13 Feb 2017 22:08:27 +0100] Memoria virtual disponible: 11638MB
[Mon, 13 Feb 2017 22:08:27 +0100] Memoria virtual en uso: 4492MB
[Mon, 13 Feb 2017 22:08:27 +0100] Memoria virtual tamaño maximo: 16130MB
[Mon, 13 Feb 2017 22:08:38 +0100] CPU usage: 7%
[Mon, 13 Feb 2017 22:08:38 +0100] Memoria fisica disponible: 5426MB
[Mon, 13 Feb 2017 22:08:38 +0100] Memoria fisica en uso: 2640MB
[Mon, 13 Feb 2017 22:08:38 +0100] Cantidad total de memoria fisica: 8066MB
[Mon, 13 Feb 2017 22:08:38 +0100] Memoria virtual disponible: 11636MB
[Mon, 13 Feb 2017 22:08:38 +0100] Memoria virtual en uso: 4494MB
[Mon, 13 Feb 2017 22:08:38 +0100] Memoria virtual tamaño maximo: 16130MB
[Mon, 13 Feb 2017 22:08:54 +0100] CPU usage: 8%
[Mon, 13 Feb 2017 22:08:54 +0100] Memoria fisica disponible: 5455MB
[Mon, 13 Feb 2017 22:08:54 +0100] Memoria fisica en uso: 2611MB
[Mon, 13 Feb 2017 22:08:54 +0100] Cantidad total de memoria fisica: 8066MB
[Mon, 13 Feb 2017 22:08:54 +0100] Memoria virtual disponible: 11647MB
[Mon, 13 Feb 2017 22:08:54 +0100] Memoria virtual en uso: 4483MB
[Mon, 13 Feb 2017 22:08:54 +0100] Memoria virtual tamaño maximo: 16130MB
[Mon, 13 Feb 2017 22:09:54 +0100] CPU usage: 8%
[Mon, 13 Feb 2017 22:09:54 +0100] Memoria fisica disponible: 5502MB
[Mon, 13 Feb 2017 22:09:54 +0100] Memoria fisica en uso: 2564MB
[Mon, 13 Feb 2017 22:09:54 +0100] Cantidad total de memoria fisica: 8066MB
[Mon, 13 Feb 2017 22:09:54 +0100] Memoria virtual disponible: 11644MB
[Mon, 13 Feb 2017 22:09:54 +0100] Memoria virtual en uso: 4486MB
[Mon, 13 Feb 2017 22:09:54 +0100] Memoria virtual tamaño maximo: 16130MB
[Mon, 13 Feb 2017 22:10:10 +0100] CPU usage: 12%
[Mon, 13 Feb 2017 22:10:10 +0100] Memoria fisica disponible: 5497MB
[Mon, 13 Feb 2017 22:10:10 +0100] Memoria fisica en uso: 2569MB
[Mon, 13 Feb 2017 22:10:10 +0100] Cantidad total de memoria fisica: 8066MB
[Mon, 13 Feb 2017 22:10:10 +0100] Memoria virtual disponible: 11635MB
[Mon, 13 Feb 2017 22:10:10 +0100] Memoria virtual en uso: 4495MB
[Mon, 13 Feb 2017 22:10:10 +0100] Memoria virtual tamaño maximo: 16130MB
[Mon, 13 Feb 2017 22:10:23 +0100] CPU usage: 7%
[Mon, 13 Feb 2017 22:10:23 +0100] Memoria fisica disponible: 5502MB
[Mon, 13 Feb 2017 22:10:23 +0100] Memoria fisica en uso: 2564MB
[Mon, 13 Feb 2017 22:10:23 +0100] Cantidad total de memoria fisica: 8066MB
[Mon, 13 Feb 2017 22:10:23 +0100] Memoria virtual disponible: 11635MB
[Mon, 13 Feb 2017 22:10:23 +0100] Memoria virtual en uso: 4495MB
[Mon, 13 Feb 2017 22:10:23 +0100] Memoria virtual tamaño maximo: 16130MB
[Mon, 13 Feb 2017 22:10:33 +0100] CPU usage: 7%
[Mon, 13 Feb 2017 22:10:33 +0100] Memoria fisica disponible: 5506MB
[Mon, 13 Feb 2017 22:10:33 +0100] Memoria fisica en uso: 2560MB
[Mon, 13 Feb 2017 22:10:33 +0100] Cantidad total de memoria fisica: 8066MB
[Mon, 13 Feb 2017 22:10:33 +0100] Memoria virtual disponible: 11635MB
[Mon, 13 Feb 2017 22:10:33 +0100] Memoria virtual en uso: 4495MB
[Mon, 13 Feb 2017 22:10:33 +0100] Memoria virtual tamaño maximo: 16130MB
[Mon, 13 Feb 2017 22:10:46 +0100] CPU usage: 16%
[Mon, 13 Feb 2017 22:10:46 +0100] Memoria fisica disponible: 5524MB
[Mon, 13 Feb 2017 22:10:46 +0100] Memoria fisica en uso: 2542MB
[Mon, 13 Feb 2017 22:10:46 +0100] Cantidad total de memoria fisica: 8066MB
[Mon, 13 Feb 2017 22:10:46 +0100] Memoria virtual disponible: 11636MB
[Mon, 13 Feb 2017 22:10:46 +0100] Memoria virtual en uso: 4494MB
[Mon, 13 Feb 2017 22:10:46 +0100] Memoria virtual tamaño maximo: 16130MB
[Tue, 19 Sep 2017 20:26:14 +0200] CPU usage: 1%
[Tue, 19 Sep 2017 20:26:14 +0200] Memoria fisica disponible: 4053MB
[Tue, 19 Sep 2017 20:26:14 +0200] Memoria fisica en uso: 4013MB
[Tue, 19 Sep 2017 20:26:14 +0200] Cantidad total de memoria fisica: 8066MB
[Tue, 19 Sep 2017 20:26:14 +0200] Memoria virtual disponible: 9032MB
[Tue, 19 Sep 2017 20:26:14 +0200] Memoria virtual en uso: 7098MB
[Tue, 19 Sep 2017 20:26:14 +0200] Memoria virtual tamaño maximo: 16130MB
[Tue, 19 Sep 2017 20:26:30 +0200] CPU usage: 2%
[Tue, 19 Sep 2017 20:26:30 +0200] Memoria fisica disponible: 4056MB
[Tue, 19 Sep 2017 20:26:30 +0200] Memoria fisica en uso: 4010MB
[Tue, 19 Sep 2017 20:26:30 +0200] Cantidad total de memoria fisica: 8066MB
[Tue, 19 Sep 2017 20:26:30 +0200] Memoria virtual disponible: 9025MB
[Tue, 19 Sep 2017 20:26:30 +0200] Memoria virtual en uso: 7105MB
[Tue, 19 Sep 2017 20:26:30 +0200] Memoria virtual tamaño maximo: 16130MB
